{
  message: 'Database connection successful',
  level: 'info',
  label: 'University Management',
  timestamp: '2023-06-09T03:00:34.594Z'
}
{
  level: 'info',
  message: 'Server is running on port',
  label: 'University Management',
  timestamp: '2023-06-09T03:00:34.601Z'
}
{
  message: 'Database connection successful',
  level: 'info',
  label: 'University Management',
  timestamp: '2023-06-09T03:07:33.520Z'
}
{
  level: 'info',
  message: 'Server is running on port',
  label: 'University Management',
  timestamp: '2023-06-09T03:07:33.533Z'
}
{
  message: 'Database connection successful',
  level: 'info',
  label: 'University Management',
  timestamp: '2023-06-09T03:11:55.128Z'
}
{
  level: 'info',
  message: 'Server is running on port',
  label: 'University Management',
  timestamp: '2023-06-09T03:11:55.136Z'
}
{
  message: 'Database connection successful',
  level: 'info',
  label: 'University Management',
  timestamp: '2023-06-09T03:14:05.984Z'
}
{
  level: 'info',
  message: 'Server is running on port',
  label: 'University Management',
  timestamp: '2023-06-09T03:14:05.993Z'
}
{
  message: 'Database connection successful',
  level: 'info',
  label: 'University Management',
  timestamp: '2023-06-09T03:15:20.313Z'
}
{
  level: 'info',
  message: 'Server is running on port',
  label: 'University Management',
  timestamp: '2023-06-09T03:15:20.323Z'
}
{
  message: 'Database connection successful',
  level: 'info',
  label: 'University Management',
  timestamp: '2023-06-09T03:20:22.738Z'
}
{
  level: 'info',
  message: 'Server is running on port',
  label: 'University Management',
  timestamp: '2023-06-09T03:20:22.746Z'
}
{
  message: 'Database connection successful',
  level: 'info',
  label: 'University Management',
  timestamp: '2023-06-09T03:21:42.792Z'
}
{
  level: 'info',
  message: 'Server is running on port',
  label: 'University Management',
  timestamp: '2023-06-09T03:21:42.801Z'
}
{
  message: 'Database connection successful',
  level: 'info',
  label: 'University Management',
  timestamp: '2023-06-09T03:22:14.693Z'
}
{
  level: 'info',
  message: 'Server is running on port',
  label: 'University Management',
  timestamp: '2023-06-09T03:22:14.701Z'
}
{
  message: 'Database connection successful',
  level: 'info',
  label: 'University Management',
  timestamp: '2023-06-09T03:23:34.080Z'
}
{
  level: 'info',
  message: 'Server is running on port',
  label: 'University Management',
  timestamp: '2023-06-09T03:23:34.088Z'
}
{
  message: 'Database connection successful',
  level: 'info',
  label: 'University Management',
  timestamp: '2023-06-09T03:24:30.061Z'
}
{
  level: 'info',
  message: 'Server is running on port',
  label: 'University Management',
  timestamp: '2023-06-09T03:24:30.069Z'
}
{
  message: 'Database connection successful',
  level: 'info',
  label: 'University Management',
  timestamp: '2023-06-09T03:25:36.278Z'
}
{
  level: 'info',
  message: 'Server is running on port',
  label: 'University Management',
  timestamp: '2023-06-09T03:25:36.288Z'
}
{
  message: 'Database connection successful',
  level: 'info',
  label: 'University Management',
  timestamp: '2023-06-09T03:26:11.655Z'
}
{
  level: 'info',
  message: 'Server is running on port',
  label: 'University Management',
  timestamp: '2023-06-09T03:26:11.664Z'
}
{
  message: 'Database connection successful',
  level: 'info',
  label: 'University Management',
  timestamp: '2023-06-09T03:38:09.430Z'
}
{
  message: 'Database connection successful',
  level: 'info',
  label: 'University Management',
  timestamp: '2023-06-09T03:38:22.245Z'
}
{
  message: 'Database connection successful',
  level: 'info',
  label: 'University Management',
  timestamp: '2023-06-09T03:40:15.293Z'
}
{
  level: 'info',
  message: 'Server is running on port',
  label: 'University Management',
  timestamp: '2023-06-09T03:40:15.300Z'
}
{
  message: 'Database connection successful',
  level: 'info',
  label: 'University Management',
  timestamp: '2023-06-09T03:45:53.153Z'
}
{
  level: 'info',
  message: 'Server is running on port',
  label: 'University Management',
  timestamp: '2023-06-09T03:45:53.161Z'
}
{
  message: 'Database connection successful',
  level: 'info',
  label: 'University Management',
  timestamp: '2023-06-09T03:48:02.627Z'
}
{
  level: 'info',
  message: 'Server is running on port',
  label: 'University Management',
  timestamp: '2023-06-09T03:48:02.638Z'
}
{
  message: 'Database connection successful',
  level: 'info',
  label: 'University Management',
  timestamp: '2023-06-09T03:48:12.509Z'
}
{
  level: 'info',
  message: 'Server is running on port',
  label: 'University Management',
  timestamp: '2023-06-09T03:48:12.518Z'
}
{
  message: 'Database connection successful',
  level: 'info',
  label: 'University Management',
  timestamp: '2023-06-09T03:57:06.288Z'
}
{
  level: 'info',
  message: 'Server is running on port',
  label: 'University Management',
  timestamp: '2023-06-09T03:57:06.297Z'
}
{
  message: 'Database connection successful',
  level: 'info',
  label: 'University Management',
  timestamp: '2023-06-09T03:58:13.344Z'
}
{
  level: 'info',
  message: 'Server is running on port',
  label: 'University Management',
  timestamp: '2023-06-09T03:58:13.352Z'
}
