{
  message: 'Database connection successful',
  level: 'info',
  label: 'University Management',
  timestamp: '2023-06-06T22:40:12.554Z'
}
{
  level: 'info',
  message: 'Server is running on port',
  label: 'University Management',
  timestamp: '2023-06-06T22:40:12.565Z'
}
{
  message: 'Database connection successful',
  level: 'info',
  label: 'University Management',
  timestamp: '2023-06-06T22:40:38.842Z'
}
{
  level: 'info',
  message: 'Server is running on port',
  label: 'University Management',
  timestamp: '2023-06-06T22:40:38.852Z'
}
{
  message: 'Database connection successful',
  level: 'info',
  label: 'University Management',
  timestamp: '2023-06-06T22:41:57.561Z'
}
{
  level: 'info',
  message: 'Server is running on port',
  label: 'University Management',
  timestamp: '2023-06-06T22:41:57.574Z'
}
{
  message: 'Database connection successful',
  level: 'info',
  label: 'University Management',
  timestamp: '2023-06-06T22:42:21.181Z'
}
{
  level: 'info',
  message: 'Server is running on port',
  label: 'University Management',
  timestamp: '2023-06-06T22:42:21.192Z'
}
{
  message: 'Database connection successful',
  level: 'info',
  label: 'University Management',
  timestamp: '2023-06-06T22:43:32.934Z'
}
{
  level: 'info',
  message: 'Server is running on port',
  label: 'University Management',
  timestamp: '2023-06-06T22:43:32.944Z'
}
{
  message: 'Database connection successful',
  level: 'info',
  label: 'University Management',
  timestamp: '2023-06-06T22:46:14.700Z'
}
{
  level: 'info',
  message: 'Server is running on port',
  label: 'University Management',
  timestamp: '2023-06-06T22:46:14.712Z'
}
{
  message: 'Database connection successful',
  level: 'info',
  label: 'University Management',
  timestamp: '2023-06-06T22:51:29.834Z'
}
{
  level: 'info',
  message: 'Server is running on port',
  label: 'University Management',
  timestamp: '2023-06-06T22:51:29.842Z'
}
{
  message: 'Database connection successful',
  level: 'info',
  label: 'University Management',
  timestamp: '2023-06-06T22:53:42.225Z'
}
{
  level: 'info',
  message: 'Server is running on port',
  label: 'University Management',
  timestamp: '2023-06-06T22:53:42.236Z'
}
{
  message: 'Database connection successful',
  level: 'info',
  label: 'University Management',
  timestamp: '2023-06-06T22:55:15.893Z'
}
{
  level: 'info',
  message: 'Server is running on port',
  label: 'University Management',
  timestamp: '2023-06-06T22:55:15.901Z'
}
{
  message: 'Database connection successful',
  level: 'info',
  label: 'University Management',
  timestamp: '2023-06-06T22:57:26.154Z'
}
{
  level: 'info',
  message: 'Server is running on port',
  label: 'University Management',
  timestamp: '2023-06-06T22:57:26.165Z'
}
{
  message: 'Database connection successful',
  level: 'info',
  label: 'University Management',
  timestamp: '2023-06-06T22:58:13.168Z'
}
{
  level: 'info',
  message: 'Server is running on port',
  label: 'University Management',
  timestamp: '2023-06-06T22:58:13.177Z'
}
{
  message: 'Database connection successful',
  level: 'info',
  label: 'University Management',
  timestamp: '2023-06-06T22:59:05.140Z'
}
{
  level: 'info',
  message: 'Server is running on port',
  label: 'University Management',
  timestamp: '2023-06-06T22:59:05.149Z'
}
{
  message: 'Database connection successful',
  level: 'info',
  label: 'University Management',
  timestamp: '2023-06-06T22:59:38.150Z'
}
{
  level: 'info',
  message: 'Server is running on port',
  label: 'University Management',
  timestamp: '2023-06-06T22:59:38.158Z'
}
