{
  message: 'Database connection successful',
  level: 'info',
  label: 'University Management',
  timestamp: '2023-06-12T03:16:48.175Z'
}
{
  level: 'info',
  message: 'Server is running on port',
  label: 'University Management',
  timestamp: '2023-06-12T03:16:48.188Z'
}
{
  message: 'Database connection successful',
  level: 'info',
  label: 'University Management',
  timestamp: '2023-06-12T03:18:18.957Z'
}
{
  level: 'info',
  message: 'Server is running on port',
  label: 'University Management',
  timestamp: '2023-06-12T03:18:18.969Z'
}
{
  message: 'Database connection successful',
  level: 'info',
  label: 'University Management',
  timestamp: '2023-06-12T03:20:27.592Z'
}
{
  level: 'info',
  message: 'Server is running on port',
  label: 'University Management',
  timestamp: '2023-06-12T03:20:27.602Z'
}
{
  message: 'Database connection successful',
  level: 'info',
  label: 'University Management',
  timestamp: '2023-06-12T03:24:49.217Z'
}
{
  level: 'info',
  message: 'Server is running on port',
  label: 'University Management',
  timestamp: '2023-06-12T03:24:49.228Z'
}
{
  message: 'Database connection successful',
  level: 'info',
  label: 'University Management',
  timestamp: '2023-06-12T03:24:50.386Z'
}
{
  level: 'info',
  message: 'Server is running on port',
  label: 'University Management',
  timestamp: '2023-06-12T03:24:50.393Z'
}
{
  message: 'Database connection successful',
  level: 'info',
  label: 'University Management',
  timestamp: '2023-06-12T03:25:33.516Z'
}
{
  level: 'info',
  message: 'Server is running on port',
  label: 'University Management',
  timestamp: '2023-06-12T03:25:33.525Z'
}
{
  message: 'Database connection successful',
  level: 'info',
  label: 'University Management',
  timestamp: '2023-06-12T03:25:57.417Z'
}
{
  level: 'info',
  message: 'Server is running on port',
  label: 'University Management',
  timestamp: '2023-06-12T03:25:57.427Z'
}
{
  message: 'Database connection successful',
  level: 'info',
  label: 'University Management',
  timestamp: '2023-06-12T03:26:51.288Z'
}
{
  level: 'info',
  message: 'Server is running on port',
  label: 'University Management',
  timestamp: '2023-06-12T03:26:51.295Z'
}
{
  message: 'Database connection successful',
  level: 'info',
  label: 'University Management',
  timestamp: '2023-06-12T03:29:59.041Z'
}
{
  level: 'info',
  message: 'Server is running on port',
  label: 'University Management',
  timestamp: '2023-06-12T03:29:59.050Z'
}
{
  message: 'Database connection successful',
  level: 'info',
  label: 'University Management',
  timestamp: '2023-06-12T03:30:03.427Z'
}
{
  level: 'info',
  message: 'Server is running on port',
  label: 'University Management',
  timestamp: '2023-06-12T03:30:03.434Z'
}
