{
  level: 'error',
  label: 'University Management',
  timestamp: '2023-06-09T04:04:33.489Z'
}
{
  errors: {
    role: ValidatorError: Path `role` is required.
        at validate (/Users/onikd08/Desktop/next-level/university-management-auth-service/node_modules/mongoose/lib/schematype.js:1349:13)
        at SchemaString.SchemaType.doValidate (/Users/onikd08/Desktop/next-level/university-management-auth-service/node_modules/mongoose/lib/schematype.js:1333:7)
        at /Users/onikd08/Desktop/next-level/university-management-auth-service/node_modules/mongoose/lib/document.js:2932:18
        at processTicksAndRejections (node:internal/process/task_queues:77:11) {
      properties: {
        validator: [Function (anonymous)],
        message: 'Path `role` is required.',
        type: 'required',
        path: 'role',
        value: undefined
      },
      kind: 'required',
      path: 'role',
      value: undefined,
      reason: undefined,
      [Symbol(mongoose:validatorError)]: true
    }
  },
  _message: 'User validation failed',
  level: 'error',
  message: 'Global Error Handler User validation failed: role: Path `role` is required.',
  stack: 'ValidationError: User validation failed: role: Path `role` is required.\n' +
    '    at model.Document.invalidate (/Users/onikd08/Desktop/next-level/university-management-auth-service/node_modules/mongoose/lib/document.js:3147:32)\n' +
    '    at /Users/onikd08/Desktop/next-level/university-management-auth-service/node_modules/mongoose/lib/document.js:2940:17\n' +
    '    at /Users/onikd08/Desktop/next-level/university-management-auth-service/node_modules/mongoose/lib/schematype.js:1352:9\n' +
    '    at processTicksAndRejections (node:internal/process/task_queues:77:11)',
  label: 'University Management',
  timestamp: '2023-06-09T04:52:57.624Z'
}
{
  errors: {
    role: ValidatorError: Path `role` is required.
        at validate (/Users/onikd08/Desktop/next-level/university-management-auth-service/node_modules/mongoose/lib/schematype.js:1349:13)
        at SchemaString.SchemaType.doValidate (/Users/onikd08/Desktop/next-level/university-management-auth-service/node_modules/mongoose/lib/schematype.js:1333:7)
        at /Users/onikd08/Desktop/next-level/university-management-auth-service/node_modules/mongoose/lib/document.js:2932:18
        at processTicksAndRejections (node:internal/process/task_queues:77:11) {
      properties: {
        validator: [Function (anonymous)],
        message: 'Path `role` is required.',
        type: 'required',
        path: 'role',
        value: undefined
      },
      kind: 'required',
      path: 'role',
      value: undefined,
      reason: undefined,
      [Symbol(mongoose:validatorError)]: true
    }
  },
  _message: 'User validation failed',
  level: 'error',
  message: 'Global Error Handler User validation failed: role: Path `role` is required.',
  stack: 'ValidationError: User validation failed: role: Path `role` is required.\n' +
    '    at model.Document.invalidate (/Users/onikd08/Desktop/next-level/university-management-auth-service/node_modules/mongoose/lib/document.js:3147:32)\n' +
    '    at /Users/onikd08/Desktop/next-level/university-management-auth-service/node_modules/mongoose/lib/document.js:2940:17\n' +
    '    at /Users/onikd08/Desktop/next-level/university-management-auth-service/node_modules/mongoose/lib/schematype.js:1352:9\n' +
    '    at processTicksAndRejections (node:internal/process/task_queues:77:11)',
  label: 'University Management',
  timestamp: '2023-06-09T04:54:34.416Z'
}
